[2023-03-29T23:08:50.619+0000] {taskinstance.py:1084} INFO - Dependencies all met for dep_context=non-requeueable deps ti=<TaskInstance: audio_processing_dag.transcribe_audio manual__2023-03-29T23:08:47.952232+00:00 [queued]>
[2023-03-29T23:08:50.626+0000] {taskinstance.py:1084} INFO - Dependencies all met for dep_context=requeueable deps ti=<TaskInstance: audio_processing_dag.transcribe_audio manual__2023-03-29T23:08:47.952232+00:00 [queued]>
[2023-03-29T23:08:50.627+0000] {taskinstance.py:1282} INFO - 
--------------------------------------------------------------------------------
[2023-03-29T23:08:50.628+0000] {taskinstance.py:1283} INFO - Starting attempt 1 of 2
[2023-03-29T23:08:50.628+0000] {taskinstance.py:1284} INFO - 
--------------------------------------------------------------------------------
[2023-03-29T23:08:50.634+0000] {taskinstance.py:1303} INFO - Executing <Task(PythonOperator): transcribe_audio> on 2023-03-29 23:08:47.952232+00:00
[2023-03-29T23:08:50.639+0000] {standard_task_runner.py:55} INFO - Started process 383 to run task
[2023-03-29T23:08:50.643+0000] {standard_task_runner.py:82} INFO - Running: ['***', 'tasks', 'run', 'audio_processing_dag', 'transcribe_audio', 'manual__2023-03-29T23:08:47.952232+00:00', '--job-id', '17', '--raw', '--subdir', 'DAGS_FOLDER/adhoc.py', '--cfg-path', '/tmp/tmpwz0v6_kz']
[2023-03-29T23:08:50.646+0000] {standard_task_runner.py:83} INFO - Job 17: Subtask transcribe_audio
[2023-03-29T23:08:50.697+0000] {task_command.py:388} INFO - Running <TaskInstance: audio_processing_dag.transcribe_audio manual__2023-03-29T23:08:47.952232+00:00 [running]> on host 8a091de33e52
[2023-03-29T23:08:50.738+0000] {taskinstance.py:1509} INFO - Exporting the following env vars:
AIRFLOW_CTX_DAG_OWNER=***
AIRFLOW_CTX_DAG_ID=audio_processing_dag
AIRFLOW_CTX_TASK_ID=transcribe_audio
AIRFLOW_CTX_EXECUTION_DATE=2023-03-29T23:08:47.952232+00:00
AIRFLOW_CTX_TRY_NUMBER=1
AIRFLOW_CTX_DAG_RUN_ID=manual__2023-03-29T23:08:47.952232+00:00
[2023-03-29T23:08:52.567+0000] {python.py:177} INFO - Done. Returned value was: None
[2023-03-29T23:08:52.583+0000] {taskinstance.py:1321} INFO - Marking task as SUCCESS. dag_id=audio_processing_dag, task_id=transcribe_audio, execution_date=20230329T230847, start_date=20230329T230850, end_date=20230329T230852
[2023-03-29T23:08:52.647+0000] {local_task_job.py:212} INFO - Task exited with return code 0
[2023-03-29T23:08:52.669+0000] {taskinstance.py:2585} INFO - 0 downstream tasks scheduled from follow-on schedule check
