[2023-03-30T01:05:46.104+0000] {taskinstance.py:1084} INFO - Dependencies all met for dep_context=non-requeueable deps ti=<TaskInstance: audio_processing_dag.read_audio manual__2023-03-30T01:05:45.281534+00:00 [queued]>
[2023-03-30T01:05:46.109+0000] {taskinstance.py:1084} INFO - Dependencies all met for dep_context=requeueable deps ti=<TaskInstance: audio_processing_dag.read_audio manual__2023-03-30T01:05:45.281534+00:00 [queued]>
[2023-03-30T01:05:46.109+0000] {taskinstance.py:1282} INFO - 
--------------------------------------------------------------------------------
[2023-03-30T01:05:46.110+0000] {taskinstance.py:1283} INFO - Starting attempt 1 of 2
[2023-03-30T01:05:46.110+0000] {taskinstance.py:1284} INFO - 
--------------------------------------------------------------------------------
[2023-03-30T01:05:46.116+0000] {taskinstance.py:1303} INFO - Executing <Task(PythonOperator): read_audio> on 2023-03-30 01:05:45.281534+00:00
[2023-03-30T01:05:46.121+0000] {standard_task_runner.py:55} INFO - Started process 787 to run task
[2023-03-30T01:05:46.125+0000] {standard_task_runner.py:82} INFO - Running: ['***', 'tasks', 'run', 'audio_processing_dag', 'read_audio', 'manual__2023-03-30T01:05:45.281534+00:00', '--job-id', '81', '--raw', '--subdir', 'DAGS_FOLDER/adhoc.py', '--cfg-path', '/tmp/tmpgvf3a4rh']
[2023-03-30T01:05:46.128+0000] {standard_task_runner.py:83} INFO - Job 81: Subtask read_audio
[2023-03-30T01:05:46.184+0000] {task_command.py:388} INFO - Running <TaskInstance: audio_processing_dag.read_audio manual__2023-03-30T01:05:45.281534+00:00 [running]> on host 1ae242592484
[2023-03-30T01:05:46.226+0000] {taskinstance.py:1509} INFO - Exporting the following env vars:
AIRFLOW_CTX_DAG_OWNER=***
AIRFLOW_CTX_DAG_ID=audio_processing_dag
AIRFLOW_CTX_TASK_ID=read_audio
AIRFLOW_CTX_EXECUTION_DATE=2023-03-30T01:05:45.281534+00:00
AIRFLOW_CTX_TRY_NUMBER=1
AIRFLOW_CTX_DAG_RUN_ID=manual__2023-03-30T01:05:45.281534+00:00
[2023-03-30T01:05:46.870+0000] {python.py:177} INFO - Done. Returned value was: None
[2023-03-30T01:05:46.879+0000] {taskinstance.py:1321} INFO - Marking task as SUCCESS. dag_id=audio_processing_dag, task_id=read_audio, execution_date=20230330T010545, start_date=20230330T010546, end_date=20230330T010546
[2023-03-30T01:05:46.913+0000] {local_task_job.py:212} INFO - Task exited with return code 0
[2023-03-30T01:05:46.933+0000] {taskinstance.py:2585} INFO - 1 downstream tasks scheduled from follow-on schedule check
