[2023-03-29T23:11:30.426+0000] {taskinstance.py:1084} INFO - Dependencies all met for dep_context=non-requeueable deps ti=<TaskInstance: audio_processing_dag.read_audio manual__2023-03-29T23:11:29.683223+00:00 [queued]>
[2023-03-29T23:11:30.432+0000] {taskinstance.py:1084} INFO - Dependencies all met for dep_context=requeueable deps ti=<TaskInstance: audio_processing_dag.read_audio manual__2023-03-29T23:11:29.683223+00:00 [queued]>
[2023-03-29T23:11:30.433+0000] {taskinstance.py:1282} INFO - 
--------------------------------------------------------------------------------
[2023-03-29T23:11:30.434+0000] {taskinstance.py:1283} INFO - Starting attempt 1 of 2
[2023-03-29T23:11:30.435+0000] {taskinstance.py:1284} INFO - 
--------------------------------------------------------------------------------
[2023-03-29T23:11:30.445+0000] {taskinstance.py:1303} INFO - Executing <Task(PythonOperator): read_audio> on 2023-03-29 23:11:29.683223+00:00
[2023-03-29T23:11:30.452+0000] {standard_task_runner.py:55} INFO - Started process 550 to run task
[2023-03-29T23:11:30.458+0000] {standard_task_runner.py:82} INFO - Running: ['***', 'tasks', 'run', 'audio_processing_dag', 'read_audio', 'manual__2023-03-29T23:11:29.683223+00:00', '--job-id', '20', '--raw', '--subdir', 'DAGS_FOLDER/adhoc.py', '--cfg-path', '/tmp/tmp9t6pj14v']
[2023-03-29T23:11:30.463+0000] {standard_task_runner.py:83} INFO - Job 20: Subtask read_audio
[2023-03-29T23:11:30.543+0000] {task_command.py:388} INFO - Running <TaskInstance: audio_processing_dag.read_audio manual__2023-03-29T23:11:29.683223+00:00 [running]> on host 8a091de33e52
[2023-03-29T23:11:30.610+0000] {taskinstance.py:1509} INFO - Exporting the following env vars:
AIRFLOW_CTX_DAG_OWNER=***
AIRFLOW_CTX_DAG_ID=audio_processing_dag
AIRFLOW_CTX_TASK_ID=read_audio
AIRFLOW_CTX_EXECUTION_DATE=2023-03-29T23:11:29.683223+00:00
AIRFLOW_CTX_TRY_NUMBER=1
AIRFLOW_CTX_DAG_RUN_ID=manual__2023-03-29T23:11:29.683223+00:00
[2023-03-29T23:11:31.260+0000] {python.py:177} INFO - Done. Returned value was: None
[2023-03-29T23:11:31.276+0000] {taskinstance.py:1321} INFO - Marking task as SUCCESS. dag_id=audio_processing_dag, task_id=read_audio, execution_date=20230329T231129, start_date=20230329T231130, end_date=20230329T231131
[2023-03-29T23:11:31.354+0000] {local_task_job.py:212} INFO - Task exited with return code 0
[2023-03-29T23:11:31.397+0000] {taskinstance.py:2585} INFO - 0 downstream tasks scheduled from follow-on schedule check
