[2023-03-29T23:30:23.664+0000] {taskinstance.py:1084} INFO - Dependencies all met for dep_context=non-requeueable deps ti=<TaskInstance: audio_processing_dag.read_audio manual__2023-03-29T23:30:22.053109+00:00 [queued]>
[2023-03-29T23:30:23.671+0000] {taskinstance.py:1084} INFO - Dependencies all met for dep_context=requeueable deps ti=<TaskInstance: audio_processing_dag.read_audio manual__2023-03-29T23:30:22.053109+00:00 [queued]>
[2023-03-29T23:30:23.672+0000] {taskinstance.py:1282} INFO - 
--------------------------------------------------------------------------------
[2023-03-29T23:30:23.672+0000] {taskinstance.py:1283} INFO - Starting attempt 1 of 2
[2023-03-29T23:30:23.673+0000] {taskinstance.py:1284} INFO - 
--------------------------------------------------------------------------------
[2023-03-29T23:30:23.679+0000] {taskinstance.py:1303} INFO - Executing <Task(PythonOperator): read_audio> on 2023-03-29 23:30:22.053109+00:00
[2023-03-29T23:30:23.685+0000] {standard_task_runner.py:55} INFO - Started process 83 to run task
[2023-03-29T23:30:23.689+0000] {standard_task_runner.py:82} INFO - Running: ['***', 'tasks', 'run', 'audio_processing_dag', 'read_audio', 'manual__2023-03-29T23:30:22.053109+00:00', '--job-id', '43', '--raw', '--subdir', 'DAGS_FOLDER/adhoc.py', '--cfg-path', '/tmp/tmpd3xbeg1h']
[2023-03-29T23:30:23.692+0000] {standard_task_runner.py:83} INFO - Job 43: Subtask read_audio
[2023-03-29T23:30:23.782+0000] {task_command.py:388} INFO - Running <TaskInstance: audio_processing_dag.read_audio manual__2023-03-29T23:30:22.053109+00:00 [running]> on host 45906413d21a
[2023-03-29T23:30:23.831+0000] {taskinstance.py:1509} INFO - Exporting the following env vars:
AIRFLOW_CTX_DAG_OWNER=***
AIRFLOW_CTX_DAG_ID=audio_processing_dag
AIRFLOW_CTX_TASK_ID=read_audio
AIRFLOW_CTX_EXECUTION_DATE=2023-03-29T23:30:22.053109+00:00
AIRFLOW_CTX_TRY_NUMBER=1
AIRFLOW_CTX_DAG_RUN_ID=manual__2023-03-29T23:30:22.053109+00:00
[2023-03-29T23:30:24.383+0000] {python.py:177} INFO - Done. Returned value was: None
[2023-03-29T23:30:24.394+0000] {taskinstance.py:1321} INFO - Marking task as SUCCESS. dag_id=audio_processing_dag, task_id=read_audio, execution_date=20230329T233022, start_date=20230329T233023, end_date=20230329T233024
[2023-03-29T23:30:24.430+0000] {local_task_job.py:212} INFO - Task exited with return code 0
[2023-03-29T23:30:24.449+0000] {taskinstance.py:2585} INFO - 1 downstream tasks scheduled from follow-on schedule check
